[2025-11-29 01:08:32,174: INFO: common: yaml file: config\config.yaml loaded successfully]
[2025-11-29 01:08:32,195: INFO: common: yaml file: params.yaml loaded successfully]
[2025-11-29 01:08:32,220: INFO: common: yaml file: schema.yaml loaded successfully]
[2025-11-29 01:08:32,220: INFO: common: created directory at: artifacts]
[2025-11-29 01:08:32,220: INFO: common: created directory at: artifacts/data_ingestion]
[2025-11-29 01:08:57,167: INFO: common: yaml file: config\config.yaml loaded successfully]
[2025-11-29 01:08:57,171: INFO: common: yaml file: params.yaml loaded successfully]
[2025-11-29 01:08:57,178: INFO: common: yaml file: schema.yaml loaded successfully]
[2025-11-29 01:08:57,180: INFO: common: created directory at: artifacts]
[2025-11-29 01:08:57,183: INFO: common: created directory at: artifacts/data_ingestion]
[2025-11-29 12:30:14,494: INFO: common: yaml file: config\config.yaml loaded successfully]
[2025-11-29 12:30:14,515: INFO: common: yaml file: params.yaml loaded successfully]
[2025-11-29 12:30:14,538: INFO: common: yaml file: schema.yaml loaded successfully]
[2025-11-29 12:30:14,541: INFO: common: created directory at: artifacts]
[2025-11-29 12:30:14,542: INFO: common: created directory at: artifacts/data_validation]
[2025-11-29 12:38:12,699: INFO: common: yaml file: config\config.yaml loaded successfully]
[2025-11-29 12:38:12,699: INFO: common: yaml file: params.yaml loaded successfully]
[2025-11-29 12:38:12,706: INFO: common: yaml file: schema.yaml loaded successfully]
[2025-11-29 12:38:12,707: INFO: common: created directory at: artifacts]
[2025-11-29 12:38:12,712: INFO: common: created directory at: artifacts/data_validation]
[2025-11-29 12:40:30,784: INFO: common: yaml file: config\config.yaml loaded successfully]
[2025-11-29 12:40:30,788: INFO: common: yaml file: params.yaml loaded successfully]
[2025-11-29 12:40:30,790: INFO: common: yaml file: schema.yaml loaded successfully]
[2025-11-29 12:40:30,795: INFO: common: created directory at: artifacts]
[2025-11-29 12:40:30,795: INFO: common: created directory at: artifacts/data_validation]
[2025-11-29 12:41:33,364: INFO: common: yaml file: config\config.yaml loaded successfully]
[2025-11-29 12:41:33,372: INFO: common: yaml file: params.yaml loaded successfully]
[2025-11-29 12:41:33,378: INFO: common: yaml file: schema.yaml loaded successfully]
[2025-11-29 12:41:33,380: INFO: common: created directory at: artifacts]
[2025-11-29 12:41:33,382: INFO: common: created directory at: artifacts/data_validation]
[2025-11-29 12:43:20,224: INFO: common: yaml file: config\config.yaml loaded successfully]
[2025-11-29 12:43:20,228: INFO: common: yaml file: params.yaml loaded successfully]
[2025-11-29 12:43:20,230: INFO: common: yaml file: schema.yaml loaded successfully]
[2025-11-29 12:43:20,235: INFO: common: created directory at: artifacts]
[2025-11-29 12:43:20,235: INFO: common: created directory at: artifacts/data_validation]
[2025-11-29 12:44:54,850: INFO: common: yaml file: config\config.yaml loaded successfully]
[2025-11-29 12:44:54,851: INFO: common: yaml file: params.yaml loaded successfully]
[2025-11-29 12:44:54,856: INFO: common: yaml file: schema.yaml loaded successfully]
[2025-11-29 12:44:54,860: INFO: common: created directory at: artifacts]
[2025-11-29 12:44:54,862: INFO: common: created directory at: artifacts/data_validation]
[2025-11-29 12:49:14,262: INFO: common: yaml file: config\config.yaml loaded successfully]
[2025-11-29 12:49:14,265: INFO: common: yaml file: params.yaml loaded successfully]
[2025-11-29 12:49:14,269: INFO: common: yaml file: schema.yaml loaded successfully]
[2025-11-29 12:49:14,269: INFO: common: created directory at: artifacts]
[2025-11-29 12:49:14,269: INFO: common: created directory at: artifacts/data_transformation]
[2025-11-29 12:49:14,277: INFO: 1632261556: Loading data...]
[2025-11-29 12:49:14,406: INFO: 1632261556: Splitting data into Train and Test...]
[2025-11-29 12:49:14,898: INFO: 1632261556: Categorical cols: ['type_of_meal_plan', 'room_type_reserved', 'market_segment_type']]
[2025-11-29 12:49:14,898: INFO: 1632261556: Numerical cols: ['no_of_adults', 'no_of_children', 'no_of_weekend_nights', 'no_of_week_nights', 'required_car_parking_space', 'lead_time', 'arrival_year', 'arrival_month', 'arrival_date', 'repeated_guest', 'no_of_previous_cancellations', 'no_of_previous_bookings_not_canceled', 'avg_price_per_room', 'no_of_special_requests']]
[2025-11-29 12:49:16,154: INFO: 1632261556: Transformation Complete. Train Shape: (29020, 31), Test Shape: (7255, 31)]
[2025-11-29 14:17:05,510: INFO: main: >>>>>> stage <<<<<<<Data Ingestion stage>>>>>>>>> started <<<<<<]
[2025-11-29 14:17:05,514: INFO: common: yaml file: config\config.yaml loaded successfully]
[2025-11-29 14:17:05,514: INFO: common: yaml file: params.yaml loaded successfully]
[2025-11-29 14:17:05,523: INFO: common: yaml file: schema.yaml loaded successfully]
[2025-11-29 14:17:05,524: INFO: common: created directory at: artifacts]
[2025-11-29 14:17:05,524: INFO: common: created directory at: artifacts/data_ingestion]
[2025-11-29 14:17:05,525: INFO: main: >>>>>> stage <<<<<<<Data Ingestion stage>>>>>>>>> completed <<<<<<

x==========x]
[2025-11-29 14:17:05,525: INFO: main: >>>>>> stage <<<<<<<Data Validation stage>>>>>>>>> started <<<<<<]
[2025-11-29 14:17:05,529: INFO: common: yaml file: config\config.yaml loaded successfully]
[2025-11-29 14:17:05,529: INFO: common: yaml file: params.yaml loaded successfully]
[2025-11-29 14:17:05,532: INFO: common: yaml file: schema.yaml loaded successfully]
[2025-11-29 14:17:05,532: INFO: common: created directory at: artifacts]
[2025-11-29 14:17:05,534: INFO: common: created directory at: artifacts/data_validation]
[2025-11-29 14:17:05,537: ERROR: main: [Errno 2] No such file or directory: 'D:\\Cdac_ML\\Assignments\\Lab_assesment\\artifacts\\data_ingestion\\hotel.csv']
Traceback (most recent call last):
  File "c:\Users\Priyanshu\Desktop\ML Lab Assignment\main.py", line 24, in <module>
    obj.main()
  File "c:\Users\Priyanshu\Desktop\ML Lab Assignment\src\ML_LAB\pipeline\Data_validation_stage.py", line 18, in main
    data_validation.validate_all_columns()
  File "c:\Users\Priyanshu\Desktop\ML Lab Assignment\src\ML_LAB\components\Data_validation.py", line 34, in validate_all_columns
    raise e
  File "c:\Users\Priyanshu\Desktop\ML Lab Assignment\src\ML_LAB\components\Data_validation.py", line 15, in validate_all_columns
    data = pd.read_csv(r"D:\Cdac_ML\Assignments\Lab_assesment\artifacts\data_ingestion\hotel.csv")
  File "c:\Users\Priyanshu\Desktop\Machine_learning\env\lib\site-packages\pandas\io\parsers\readers.py", line 1026, in read_csv
    return _read(filepath_or_buffer, kwds)
  File "c:\Users\Priyanshu\Desktop\Machine_learning\env\lib\site-packages\pandas\io\parsers\readers.py", line 620, in _read
    parser = TextFileReader(filepath_or_buffer, **kwds)
  File "c:\Users\Priyanshu\Desktop\Machine_learning\env\lib\site-packages\pandas\io\parsers\readers.py", line 1620, in __init__
    self._engine = self._make_engine(f, self.engine)
  File "c:\Users\Priyanshu\Desktop\Machine_learning\env\lib\site-packages\pandas\io\parsers\readers.py", line 1880, in _make_engine
    self.handles = get_handle(
  File "c:\Users\Priyanshu\Desktop\Machine_learning\env\lib\site-packages\pandas\io\common.py", line 873, in get_handle
    handle = open(
FileNotFoundError: [Errno 2] No such file or directory: 'D:\\Cdac_ML\\Assignments\\Lab_assesment\\artifacts\\data_ingestion\\hotel.csv'
[2025-11-29 14:20:05,402: INFO: main: >>>>>> stage <<<<<<<Data Ingestion stage>>>>>>>>> started <<<<<<]
[2025-11-29 14:20:05,413: INFO: common: yaml file: config\config.yaml loaded successfully]
[2025-11-29 14:20:05,416: INFO: common: yaml file: params.yaml loaded successfully]
[2025-11-29 14:20:05,420: INFO: common: yaml file: schema.yaml loaded successfully]
[2025-11-29 14:20:05,420: INFO: common: created directory at: artifacts]
[2025-11-29 14:20:05,420: INFO: common: created directory at: artifacts/data_ingestion]
[2025-11-29 14:20:05,420: INFO: main: >>>>>> stage <<<<<<<Data Ingestion stage>>>>>>>>> completed <<<<<<

x==========x]
[2025-11-29 14:20:05,420: INFO: main: >>>>>> stage <<<<<<<Data Validation stage>>>>>>>>> started <<<<<<]
[2025-11-29 14:20:05,423: INFO: common: yaml file: config\config.yaml loaded successfully]
[2025-11-29 14:20:05,428: INFO: common: yaml file: params.yaml loaded successfully]
[2025-11-29 14:20:05,430: INFO: common: yaml file: schema.yaml loaded successfully]
[2025-11-29 14:20:05,430: INFO: common: created directory at: artifacts]
[2025-11-29 14:20:05,430: INFO: common: created directory at: artifacts/data_validation]
[2025-11-29 14:20:05,530: INFO: main: >>>>>> stage <<<<<<<Data Validation stage>>>>>>>>> completed <<<<<<

x==========x]
[2025-11-29 14:20:05,530: INFO: main: >>>>>> stage <<<<<<<Data Transformation stage>>>>>>>>> started <<<<<<]
[2025-11-29 14:20:05,530: INFO: common: yaml file: config\config.yaml loaded successfully]
[2025-11-29 14:20:05,530: INFO: common: yaml file: params.yaml loaded successfully]
[2025-11-29 14:20:05,541: INFO: common: yaml file: schema.yaml loaded successfully]
[2025-11-29 14:20:05,541: INFO: common: created directory at: artifacts]
[2025-11-29 14:20:05,541: INFO: common: created directory at: artifacts/data_transformation]
[2025-11-29 14:20:05,541: INFO: Data_transformation: Loading data...]
[2025-11-29 14:20:05,626: INFO: Data_transformation: Splitting data into Train and Test...]
[2025-11-29 14:20:05,971: INFO: Data_transformation: Categorical cols: ['type_of_meal_plan', 'room_type_reserved', 'market_segment_type']]
[2025-11-29 14:20:05,973: INFO: Data_transformation: Numerical cols: ['no_of_adults', 'no_of_children', 'no_of_weekend_nights', 'no_of_week_nights', 'required_car_parking_space', 'lead_time', 'arrival_year', 'arrival_month', 'arrival_date', 'repeated_guest', 'no_of_previous_cancellations', 'no_of_previous_bookings_not_canceled', 'avg_price_per_room', 'no_of_special_requests']]
[2025-11-29 14:20:06,911: INFO: Data_transformation: Transformation Complete. Train Shape: (29020, 31), Test Shape: (7255, 31)]
[2025-11-29 14:20:06,922: INFO: Data_transformation: Preprocessor object saved at artifacts/data_transformation\preprocessor.obj]
[2025-11-29 14:20:06,922: INFO: Data_transformation: Transformation Complete. Train Shape: (29020, 31), Test Shape: (7255, 31)]
[2025-11-29 14:20:06,929: INFO: main: >>>>>> stage <<<<<<<Data Transformation stage>>>>>>>>> completed <<<<<<

x==========x]
[2025-11-29 14:20:06,929: INFO: main: >>>>>> stage Model Trainer stage started <<<<<<]
[2025-11-29 14:20:06,931: INFO: common: yaml file: config\config.yaml loaded successfully]
[2025-11-29 14:20:06,935: INFO: common: yaml file: params.yaml loaded successfully]
[2025-11-29 14:20:06,936: INFO: common: yaml file: schema.yaml loaded successfully]
[2025-11-29 14:20:06,938: INFO: common: created directory at: artifacts]
[2025-11-29 14:20:06,938: INFO: common: created directory at: artifacts/model_trainer]
[2025-11-29 14:20:09,819: INFO: Model_training: Random Forest Model trained and saved at: artifacts/model_trainer\model.joblib]
[2025-11-29 14:20:09,829: INFO: main: >>>>>> stage Model Trainer stage completed <<<<<<

x==========x]
[2025-11-29 14:20:09,829: INFO: main: >>>>>> stage Model evaluation stage started <<<<<<]
[2025-11-29 14:20:09,834: INFO: common: yaml file: config\config.yaml loaded successfully]
[2025-11-29 14:20:09,834: INFO: common: yaml file: params.yaml loaded successfully]
[2025-11-29 14:20:09,838: INFO: common: yaml file: schema.yaml loaded successfully]
[2025-11-29 14:20:09,840: INFO: common: created directory at: artifacts]
[2025-11-29 14:20:09,840: INFO: common: created directory at: artifacts/model_evaluation]
[2025-11-29 14:20:10,178: INFO: common: json file saved at: artifacts\model_evaluation\metrics.json]
[2025-11-29 14:20:10,185: INFO: main: >>>>>> stage Model evaluation stage completed <<<<<<

x==========x]
